c:\users\kanty\source\repos\курсовая_ооп_бета_1.01\курсовая_ооп_бета_1.01\x64\debug\vc142.pdb
c:\users\kanty\source\repos\курсовая_ооп_бета_1.01\курсовая_ооп_бета_1.01\x64\debug\vc142.idb
c:\users\kanty\source\repos\курсовая_ооп_бета_1.01\курсовая_ооп_бета_1.01\x64\debug\workers.obj
c:\users\kanty\source\repos\курсовая_ооп_бета_1.01\курсовая_ооп_бета_1.01\x64\debug\users.obj
c:\users\kanty\source\repos\курсовая_ооп_бета_1.01\курсовая_ооп_бета_1.01\x64\debug\teamlid.obj
c:\users\kanty\source\repos\курсовая_ооп_бета_1.01\курсовая_ооп_бета_1.01\x64\debug\supervisors.obj
c:\users\kanty\source\repos\курсовая_ооп_бета_1.01\курсовая_ооп_бета_1.01\x64\debug\senior.obj
c:\users\kanty\source\repos\курсовая_ооп_бета_1.01\курсовая_ооп_бета_1.01\x64\debug\middle.obj
c:\users\kanty\source\repos\курсовая_ооп_бета_1.01\курсовая_ооп_бета_1.01\x64\debug\menu_users.obj
c:\users\kanty\source\repos\курсовая_ооп_бета_1.01\курсовая_ооп_бета_1.01\x64\debug\main.obj
c:\users\kanty\source\repos\курсовая_ооп_бета_1.01\курсовая_ооп_бета_1.01\x64\debug\junior.obj
c:\users\kanty\source\repos\курсовая_ооп_бета_1.01\курсовая_ооп_бета_1.01\x64\debug\hat.obj
c:\users\kanty\source\repos\курсовая_ооп_бета_1.01\курсовая_ооп_бета_1.01\x64\debug\company.obj
c:\users\kanty\source\repos\курсовая_ооп_бета_1.01\курсовая_ооп_бета_1.01\x64\debug\func.obj
c:\users\kanty\source\repos\курсовая_ооп_бета_1.01\курсовая_ооп_бета_1.01\x64\debug\errors.obj
c:\users\kanty\source\repos\курсовая_ооп_бета_1.01\курсовая_ооп_бета_1.01\x64\debug\exception_file.obj
c:\users\kanty\source\repos\курсовая_ооп_бета_1.01\x64\debug\курсовая_ооп_бета_1.01.exe
c:\users\kanty\source\repos\курсовая_ооп_бета_1.01\x64\debug\курсовая_ооп_бета_1.01.ilk
c:\users\kanty\source\repos\курсовая_ооп_бета_1.01\x64\debug\курсовая_ооп_бета_1.01.pdb
c:\users\kanty\source\repos\курсовая_ооп_бета_1.01\курсовая_ооп_бета_1.01\x64\debug\курсовая.89500dc7.tlog\cl.command.1.tlog
c:\users\kanty\source\repos\курсовая_ооп_бета_1.01\курсовая_ооп_бета_1.01\x64\debug\курсовая.89500dc7.tlog\cl.read.1.tlog
c:\users\kanty\source\repos\курсовая_ооп_бета_1.01\курсовая_ооп_бета_1.01\x64\debug\курсовая.89500dc7.tlog\cl.write.1.tlog
c:\users\kanty\source\repos\курсовая_ооп_бета_1.01\курсовая_ооп_бета_1.01\x64\debug\курсовая.89500dc7.tlog\link.command.1.tlog
c:\users\kanty\source\repos\курсовая_ооп_бета_1.01\курсовая_ооп_бета_1.01\x64\debug\курсовая.89500dc7.tlog\link.read.1.tlog
c:\users\kanty\source\repos\курсовая_ооп_бета_1.01\курсовая_ооп_бета_1.01\x64\debug\курсовая.89500dc7.tlog\link.write.1.tlog
